This is pdfTeX, Version 3.14159265-2.6-1.40.21 (MiKTeX 2.9.7300 64-bit) (preloaded format=pdflatex 2020.2.26)  1 MAR 2020 14:25
entering extended mode
**./main.tex
(main.tex
LaTeX2e <2020-02-02> patch level 4
L3 programming layer <2020-02-21>
("C:\Users\Samuel Demir\AppData\Local\Programs\MiKTeX 2.9\tex/latex/koma-script
\scrreprt.cls"
Document Class: scrreprt 2020/01/24 v3.29 KOMA-Script document class (report)

("C:\Users\Samuel Demir\AppData\Local\Programs\MiKTeX 2.9\tex/latex/koma-script
\scrkbase.sty"
Package: scrkbase 2020/01/24 v3.29 KOMA-Script package (KOMA-Script-dependent b
asics and keyval usage)

("C:\Users\Samuel Demir\AppData\Local\Programs\MiKTeX 2.9\tex/latex/koma-script
\scrbase.sty"
Package: scrbase 2020/01/24 v3.29 KOMA-Script package (KOMA-Script-independent 
basics and keyval usage)

("C:\Users\Samuel Demir\AppData\Local\Programs\MiKTeX 2.9\tex/latex/graphics\ke
yval.sty"
Package: keyval 2014/10/28 v1.15 key=value parser (DPC)
\KV@toks@=\toks14
)
("C:\Users\Samuel Demir\AppData\Local\Programs\MiKTeX 2.9\tex/latex/koma-script
\scrlfile.sty"
Package: scrlfile 2020/01/24 v3.29 KOMA-Script package (loading files)
)))
("C:\Users\Samuel Demir\AppData\Local\Programs\MiKTeX 2.9\tex/latex/koma-script
\tocbasic.sty"
Package: tocbasic 2020/01/24 v3.29 KOMA-Script package (handling toc-files)
\scr@dte@tocline@numberwidth=\skip47
\scr@dte@tocline@numbox=\box45
)
Package tocbasic Info: omitting babel extension for `toc'
(tocbasic)             because of feature `nobabel' available
(tocbasic)             for `toc' on input line 137.
Class scrreprt Info: File `scrsize11pt.clo' used instead of
(scrreprt)           file `scrsize11.clo' to setup font sizes on input line 242
1.

("C:\Users\Samuel Demir\AppData\Local\Programs\MiKTeX 2.9\tex/latex/koma-script
\scrsize11pt.clo"
File: scrsize11pt.clo 2020/01/24 v3.29 KOMA-Script font size class option (11pt
)
)
("C:\Users\Samuel Demir\AppData\Local\Programs\MiKTeX 2.9\tex/latex/koma-script
\typearea.sty"
Package: typearea 2020/01/24 v3.29 KOMA-Script package (type area)
\ta@bcor=\skip48
\ta@div=\count167
\ta@hblk=\skip49
\ta@vblk=\skip50
\ta@temp=\skip51
\footheight=\skip52
Package typearea Info: These are the values describing the layout:
(typearea)             DIV  = 10
(typearea)             BCOR = 0.0pt
(typearea)             \paperwidth      = 597.50793pt
(typearea)              \textwidth      = 418.25555pt
(typearea)              DIV departure   = -6%
(typearea)              \evensidemargin = 17.3562pt
(typearea)              \oddsidemargin  = 17.3562pt
(typearea)             \paperheight     = 845.04694pt
(typearea)              \textheight     = 595.80026pt
(typearea)              \topmargin      = -25.16531pt
(typearea)              \headheight     = 17.0pt
(typearea)              \headsep        = 20.40001pt
(typearea)              \topskip        = 11.0pt
(typearea)              \footskip       = 47.6pt
(typearea)              \baselineskip   = 13.6pt
(typearea)              on input line 1719.
)
\c@part=\count168
\c@chapter=\count169
\c@section=\count170
\c@subsection=\count171
\c@subsubsection=\count172
\c@paragraph=\count173
\c@subparagraph=\count174
\scr@dte@chapter@maxnumwidth=\skip53
Class scrreprt Info: using compatibility default `afterindent=bysign'
(scrreprt)           for `\chapter on input line 5547.
\scr@dte@section@maxnumwidth=\skip54
Class scrreprt Info: using compatibility default `runin=bysign'
(scrreprt)           for `\section on input line 5557.
Class scrreprt Info: using compatibility default `afterindent=bysign'
(scrreprt)           for `\section on input line 5557.
\scr@dte@part@maxnumwidth=\skip55
Class scrreprt Info: using compatibility default `afterindent=true'
(scrreprt)           for `\part on input line 5566.
\scr@dte@subsection@maxnumwidth=\skip56
Class scrreprt Info: using compatibility default `runin=bysign'
(scrreprt)           for `\subsection on input line 5576.
Class scrreprt Info: using compatibility default `afterindent=bysign'
(scrreprt)           for `\subsection on input line 5576.
\scr@dte@subsubsection@maxnumwidth=\skip57
Class scrreprt Info: using compatibility default `runin=bysign'
(scrreprt)           for `\subsubsection on input line 5586.
Class scrreprt Info: using compatibility default `afterindent=bysign'
(scrreprt)           for `\subsubsection on input line 5586.
\scr@dte@paragraph@maxnumwidth=\skip58
Class scrreprt Info: using compatibility default `runin=bysign'
(scrreprt)           for `\paragraph on input line 5596.
Class scrreprt Info: using compatibility default `afterindent=bysign'
(scrreprt)           for `\paragraph on input line 5596.
\scr@dte@subparagraph@maxnumwidth=\skip59
Class scrreprt Info: using compatibility default `runin=bysign'
(scrreprt)           for `\subparagraph on input line 5606.
Class scrreprt Info: using compatibility default `afterindent=bysign'
(scrreprt)           for `\subparagraph on input line 5606.
\abovecaptionskip=\skip60
\belowcaptionskip=\skip61
\c@pti@nb@sid@b@x=\box46
Package tocbasic Info: omitting babel extension for `lof'
(tocbasic)             because of feature `nobabel' available
(tocbasic)             for `lof' on input line 6842.
\scr@dte@figure@maxnumwidth=\skip62
\c@figure=\count175
Package tocbasic Info: omitting babel extension for `lot'
(tocbasic)             because of feature `nobabel' available
(tocbasic)             for `lot' on input line 6859.
\scr@dte@table@maxnumwidth=\skip63
\c@table=\count176
Class scrreprt Info: Redefining `\numberline' on input line 7028.
\bibindent=\dimen134
) (config/meta.tex) (config/packages.tex
("C:\Users\Samuel Demir\AppData\Local\Programs\MiKTeX 2.9\tex/latex/base\inpute
nc.sty"
Package: inputenc 2018/08/11 v1.3c Input encoding file
\inpenc@prehook=\toks15
\inpenc@posthook=\toks16
)
("C:\Users\Samuel Demir\AppData\Local\Programs\MiKTeX 2.9\tex/latex/base\fonten
c.sty"
Package: fontenc 2020/02/11 v2.0o Standard LaTeX package
)
("C:\Users\Samuel Demir\AppData\Local\Programs\MiKTeX 2.9\tex/generic/babel\bab
el.sty"
Package: babel 2020/02/14 3.40 The Babel package

("C:\Users\Samuel Demir\AppData\Local\Programs\MiKTeX 2.9\tex/generic/babel\swi
tch.def"
File: switch.def 2020/02/14 3.40 Babel switching mechanism
)
*************************************
* Local config file bblopts.cfg used
*

("C:\Users\Samuel Demir\AppData\Local\Programs\MiKTeX 2.9\tex/latex/arabi\bblop
ts.cfg"
File: bblopts.cfg 2005/09/08 v0.1 add Arabic and Farsi to "declared" options of
 babel
)
("C:\Users\Samuel Demir\AppData\Local\Programs\MiKTeX 2.9\tex/latex/babel-germa
n\ngerman.ldf"
Language: ngerman 2018/12/08 v2.11 German support for babel (post-1996 orthogra
phy)

("C:\Users\Samuel Demir\AppData\Local\Programs\MiKTeX 2.9\tex/latex/babel-germa
n\ngermanb.ldf"
Language: ngermanb 2018/12/08 v2.11 German support for babel (post-1996 orthogr
aphy)

("C:\Users\Samuel Demir\AppData\Local\Programs\MiKTeX 2.9\tex/generic/babel\bab
el.def"
File: babel.def 2020/02/14 3.40 Babel common definitions
\babel@savecnt=\count177
\U@D=\dimen135

("C:\Users\Samuel Demir\AppData\Local\Programs\MiKTeX 2.9\tex/generic/babel\txt
babel.def")
\bbl@readstream=\read2
\bbl@dirlevel=\count178
)
Package babel Info: Making " an active character on input line 121.
)))
("C:\Users\Samuel Demir\AppData\Local\Programs\MiKTeX 2.9\tex/latex/blindtext\b
lindtext.sty"
Package: blindtext 2012/01/06 V2.0 blindtext-Package

("C:\Users\Samuel Demir\AppData\Local\Programs\MiKTeX 2.9\tex/latex/tools\xspac
e.sty"
Package: xspace 2014/10/28 v1.13 Space after command names (DPC,MH)
)
\c@blindtext=\count179
\c@Blindtext=\count180
\c@blind@countparstart=\count181
\blind@countxx=\count182
\blindtext@numBlindtext=\count183
\blind@countyy=\count184
\c@blindlist=\count185
\c@blindlistlevel=\count186
\c@blindlist@level=\count187
\blind@listitem=\count188
\c@blind@listcount=\count189
\c@blind@levelcount=\count190
\blind@mathformula=\count191
\blind@Mathformula=\count192
\c@blind@randomcount=\count193
\c@blind@randommax=\count194
\c@blind@pangramcount=\count195
\c@blind@pangrammax=\count196
)
("C:\Users\Samuel Demir\AppData\Local\Programs\MiKTeX 2.9\tex/latex/lm\lmodern.
sty"
Package: lmodern 2009/10/30 v1.6 Latin Modern Fonts
LaTeX Font Info:    Overwriting symbol font `operators' in version `normal'
(Font)                  OT1/cmr/m/n --> OT1/lmr/m/n on input line 22.
LaTeX Font Info:    Overwriting symbol font `letters' in version `normal'
(Font)                  OML/cmm/m/it --> OML/lmm/m/it on input line 23.
LaTeX Font Info:    Overwriting symbol font `symbols' in version `normal'
(Font)                  OMS/cmsy/m/n --> OMS/lmsy/m/n on input line 24.
LaTeX Font Info:    Overwriting symbol font `largesymbols' in version `normal'
(Font)                  OMX/cmex/m/n --> OMX/lmex/m/n on input line 25.
LaTeX Font Info:    Overwriting symbol font `operators' in version `bold'
(Font)                  OT1/cmr/bx/n --> OT1/lmr/bx/n on input line 26.
LaTeX Font Info:    Overwriting symbol font `letters' in version `bold'
(Font)                  OML/cmm/b/it --> OML/lmm/b/it on input line 27.
LaTeX Font Info:    Overwriting symbol font `symbols' in version `bold'
(Font)                  OMS/cmsy/b/n --> OMS/lmsy/b/n on input line 28.
LaTeX Font Info:    Overwriting symbol font `largesymbols' in version `bold'
(Font)                  OMX/cmex/m/n --> OMX/lmex/m/n on input line 29.
LaTeX Font Info:    Overwriting math alphabet `\mathbf' in version `normal'
(Font)                  OT1/cmr/bx/n --> OT1/lmr/bx/n on input line 31.
LaTeX Font Info:    Overwriting math alphabet `\mathsf' in version `normal'
(Font)                  OT1/cmss/m/n --> OT1/lmss/m/n on input line 32.
LaTeX Font Info:    Overwriting math alphabet `\mathit' in version `normal'
(Font)                  OT1/cmr/m/it --> OT1/lmr/m/it on input line 33.
LaTeX Font Info:    Overwriting math alphabet `\mathtt' in version `normal'
(Font)                  OT1/cmtt/m/n --> OT1/lmtt/m/n on input line 34.
LaTeX Font Info:    Overwriting math alphabet `\mathbf' in version `bold'
(Font)                  OT1/cmr/bx/n --> OT1/lmr/bx/n on input line 35.
LaTeX Font Info:    Overwriting math alphabet `\mathsf' in version `bold'
(Font)                  OT1/cmss/bx/n --> OT1/lmss/bx/n on input line 36.
LaTeX Font Info:    Overwriting math alphabet `\mathit' in version `bold'
(Font)                  OT1/cmr/bx/it --> OT1/lmr/bx/it on input line 37.
LaTeX Font Info:    Overwriting math alphabet `\mathtt' in version `bold'
(Font)                  OT1/cmtt/m/n --> OT1/lmtt/m/n on input line 38.
)
("C:\Users\Samuel Demir\AppData\Local\Programs\MiKTeX 2.9\tex/latex/acronym\acr
onym.sty"
Package: acronym 2019/11/11 v1.42 Support for acronyms (Tobias Oetiker)

("C:\Users\Samuel Demir\AppData\Local\Programs\MiKTeX 2.9\tex/latex/bigfoot\suf
fix.sty"
Package: suffix 2006/07/15 1.5a Variant command support
)
("C:\Users\Samuel Demir\AppData\Local\Programs\MiKTeX 2.9\tex/latex/xstring\xst
ring.sty"
("C:\Users\Samuel Demir\AppData\Local\Programs\MiKTeX 2.9\tex/generic/xstring\x
string.tex"
\integerpart=\count197
\decimalpart=\count198
)
Package: xstring 2019/02/06 v1.83 String manipulations (CT)
)
\AC@clearlist=\toks17
)
("C:\Users\Samuel Demir\AppData\Local\Programs\MiKTeX 2.9\tex/latex/amsmath\ams
math.sty"
Package: amsmath 2020/01/20 v2.17e AMS math features
\@mathmargin=\skip64

For additional information on amsmath, use the `?' option.

("C:\Users\Samuel Demir\AppData\Local\Programs\MiKTeX 2.9\tex/latex/amsmath\ams
text.sty"
Package: amstext 2000/06/29 v2.01 AMS text

("C:\Users\Samuel Demir\AppData\Local\Programs\MiKTeX 2.9\tex/latex/amsmath\ams
gen.sty"
File: amsgen.sty 1999/11/30 v2.0 generic functions
\@emptytoks=\toks18
\ex@=\dimen136
))
("C:\Users\Samuel Demir\AppData\Local\Programs\MiKTeX 2.9\tex/latex/amsmath\ams
bsy.sty"
Package: amsbsy 1999/11/29 v1.2d Bold Symbols
\pmbraise@=\dimen137
)
("C:\Users\Samuel Demir\AppData\Local\Programs\MiKTeX 2.9\tex/latex/amsmath\ams
opn.sty"
Package: amsopn 2016/03/08 v2.02 operator names
)
\inf@bad=\count199
LaTeX Info: Redefining \frac on input line 227.
\uproot@=\count266
\leftroot@=\count267
LaTeX Info: Redefining \overline on input line 389.
\classnum@=\count268
\DOTSCASE@=\count269
LaTeX Info: Redefining \ldots on input line 486.
LaTeX Info: Redefining \dots on input line 489.
LaTeX Info: Redefining \cdots on input line 610.
\Mathstrutbox@=\box47
\strutbox@=\box48
\big@size=\dimen138
LaTeX Font Info:    Redeclaring font encoding OML on input line 733.
LaTeX Font Info:    Redeclaring font encoding OMS on input line 734.
\macc@depth=\count270
\c@MaxMatrixCols=\count271
\dotsspace@=\muskip16
\c@parentequation=\count272
\dspbrk@lvl=\count273
\tag@help=\toks19
\row@=\count274
\column@=\count275
\maxfields@=\count276
\andhelp@=\toks20
\eqnshift@=\dimen139
\alignsep@=\dimen140
\tagshift@=\dimen141
\tagwidth@=\dimen142
\totwidth@=\dimen143
\lineht@=\dimen144
\@envbody=\toks21
\multlinegap=\skip65
\multlinetaggap=\skip66
\mathdisplay@stack=\toks22
LaTeX Info: Redefining \[ on input line 2859.
LaTeX Info: Redefining \] on input line 2860.
)
("C:\Users\Samuel Demir\AppData\Local\Programs\MiKTeX 2.9\tex/latex/amsfonts\am
ssymb.sty"
Package: amssymb 2013/01/14 v3.01 AMS font symbols

("C:\Users\Samuel Demir\AppData\Local\Programs\MiKTeX 2.9\tex/latex/amsfonts\am
sfonts.sty"
Package: amsfonts 2013/01/14 v3.01 Basic AMSFonts support
\symAMSa=\mathgroup4
\symAMSb=\mathgroup5
LaTeX Font Info:    Redeclaring math symbol \hbar on input line 98.
LaTeX Font Info:    Overwriting math alphabet `\mathfrak' in version `bold'
(Font)                  U/euf/m/n --> U/euf/b/n on input line 106.
))
("C:\Users\Samuel Demir\AppData\Local\Programs\MiKTeX 2.9\tex/latex/setspace\se
tspace.sty"
Package: setspace 2011/12/19 v6.7a set line spacing
)
("C:\Users\Samuel Demir\AppData\Local\Programs\MiKTeX 2.9\tex/latex/csquotes\cs
quotes.sty"
Package: csquotes 2019-12-06 v5.2j context-sensitive quotations (JAW)

("C:\Users\Samuel Demir\AppData\Local\Programs\MiKTeX 2.9\tex/latex/etoolbox\et
oolbox.sty"
Package: etoolbox 2019/09/21 v2.5h e-TeX tools for LaTeX (JAW)
\etb@tempcnta=\count277
)
\csq@reset=\count278
\csq@gtype=\count279
\csq@glevel=\count280
\csq@qlevel=\count281
\csq@maxlvl=\count282
\csq@tshold=\count283
\csq@ltx@everypar=\toks23

("C:\Users\Samuel Demir\AppData\Local\Programs\MiKTeX 2.9\tex/latex/csquotes\cs
quotes.def"
File: csquotes.def 2019-12-06 v5.2j csquotes generic definitions (JAW)
)
Package csquotes Info: Trying to load configuration file 'csquotes.cfg'...
Package csquotes Info: ... configuration file loaded successfully.

("C:\Users\Samuel Demir\AppData\Local\Programs\MiKTeX 2.9\tex/latex/csquotes\cs
quotes.cfg"
File: csquotes.cfg 
)
Package csquotes Info: Redefining alias 'german' -> 'german/guillemets'.
)
("C:\Users\Samuel Demir\AppData\Local\Programs\MiKTeX 2.9\tex/latex/xcolor\xcol
or.sty"
Package: xcolor 2016/05/11 v2.12 LaTeX color extensions (UK)

("C:\Users\Samuel Demir\AppData\Local\Programs\MiKTeX 2.9\tex/latex/graphics-cf
g\color.cfg"
File: color.cfg 2016/01/02 v1.6 sample color configuration
)
Package xcolor Info: Driver file: pdftex.def on input line 225.

("C:\Users\Samuel Demir\AppData\Local\Programs\MiKTeX 2.9\tex/latex/graphics-de
f\pdftex.def"
File: pdftex.def 2018/01/08 v1.0l Graphics/color driver for pdftex
)
Package xcolor Info: Model `cmy' substituted by `cmy0' on input line 1348.
Package xcolor Info: Model `hsb' substituted by `rgb' on input line 1352.
Package xcolor Info: Model `RGB' extended on input line 1364.
Package xcolor Info: Model `HTML' substituted by `rgb' on input line 1366.
Package xcolor Info: Model `Hsb' substituted by `hsb' on input line 1367.
Package xcolor Info: Model `tHsb' substituted by `hsb' on input line 1368.
Package xcolor Info: Model `HSB' substituted by `hsb' on input line 1369.
Package xcolor Info: Model `Gray' substituted by `gray' on input line 1370.
Package xcolor Info: Model `wave' substituted by `hsb' on input line 1371.
)
("C:\Users\Samuel Demir\AppData\Local\Programs\MiKTeX 2.9\tex/latex/tcolorbox\t
colorbox.sty"
Package: tcolorbox 2019/11/15 version 4.22 text color boxes

("C:\Users\Samuel Demir\AppData\Local\Programs\MiKTeX 2.9\tex/latex/pgf/basicla
yer\pgf.sty"
("C:\Users\Samuel Demir\AppData\Local\Programs\MiKTeX 2.9\tex/latex/pgf/utiliti
es\pgfrcs.sty"
("C:\Users\Samuel Demir\AppData\Local\Programs\MiKTeX 2.9\tex/generic/pgf/utili
ties\pgfutil-common.tex"
\pgfutil@everybye=\toks24
\pgfutil@tempdima=\dimen145
\pgfutil@tempdimb=\dimen146

("C:\Users\Samuel Demir\AppData\Local\Programs\MiKTeX 2.9\tex/generic/pgf/utili
ties\pgfutil-common-lists.tex"))
("C:\Users\Samuel Demir\AppData\Local\Programs\MiKTeX 2.9\tex/generic/pgf/utili
ties\pgfutil-latex.def"
\pgfutil@abb=\box49

("C:\Users\Samuel Demir\AppData\Local\Programs\MiKTeX 2.9\tex/latex/ms\everyshi
.sty"
Package: everyshi 2001/05/15 v3.00 EveryShipout Package (MS)
))
("C:\Users\Samuel Demir\AppData\Local\Programs\MiKTeX 2.9\tex/generic/pgf/utili
ties\pgfrcs.code.tex"
("C:\Users\Samuel Demir\AppData\Local\Programs\MiKTeX 2.9\tex/generic/pgf\pgf.r
evision.tex")
Package: pgfrcs 2020/01/08 v3.1.5b (3.1.5b)
))
Package: pgf 2020/01/08 v3.1.5b (3.1.5b)

("C:\Users\Samuel Demir\AppData\Local\Programs\MiKTeX 2.9\tex/latex/pgf/basicla
yer\pgfcore.sty"
("C:\Users\Samuel Demir\AppData\Local\Programs\MiKTeX 2.9\tex/latex/graphics\gr
aphicx.sty"
Package: graphicx 2019/11/30 v1.2a Enhanced LaTeX Graphics (DPC,SPQR)

("C:\Users\Samuel Demir\AppData\Local\Programs\MiKTeX 2.9\tex/latex/graphics\gr
aphics.sty"
Package: graphics 2019/11/30 v1.4a Standard LaTeX Graphics (DPC,SPQR)

("C:\Users\Samuel Demir\AppData\Local\Programs\MiKTeX 2.9\tex/latex/graphics\tr
ig.sty"
Package: trig 2016/01/03 v1.10 sin cos tan (DPC)
)
("C:\Users\Samuel Demir\AppData\Local\Programs\MiKTeX 2.9\tex/latex/graphics-cf
g\graphics.cfg"
File: graphics.cfg 2016/06/04 v1.11 sample graphics configuration
)
Package graphics Info: Driver file: pdftex.def on input line 105.
)
\Gin@req@height=\dimen147
\Gin@req@width=\dimen148
)
("C:\Users\Samuel Demir\AppData\Local\Programs\MiKTeX 2.9\tex/latex/pgf/systeml
ayer\pgfsys.sty"
("C:\Users\Samuel Demir\AppData\Local\Programs\MiKTeX 2.9\tex/generic/pgf/syste
mlayer\pgfsys.code.tex"
Package: pgfsys 2020/01/08 v3.1.5b (3.1.5b)

("C:\Users\Samuel Demir\AppData\Local\Programs\MiKTeX 2.9\tex/generic/pgf/utili
ties\pgfkeys.code.tex"
\pgfkeys@pathtoks=\toks25
\pgfkeys@temptoks=\toks26

("C:\Users\Samuel Demir\AppData\Local\Programs\MiKTeX 2.9\tex/generic/pgf/utili
ties\pgfkeysfiltered.code.tex"
\pgfkeys@tmptoks=\toks27
))
\pgf@x=\dimen149
\pgf@y=\dimen150
\pgf@xa=\dimen151
\pgf@ya=\dimen152
\pgf@xb=\dimen153
\pgf@yb=\dimen154
\pgf@xc=\dimen155
\pgf@yc=\dimen156
\pgf@xd=\dimen157
\pgf@yd=\dimen158
\w@pgf@writea=\write3
\r@pgf@reada=\read3
\c@pgf@counta=\count284
\c@pgf@countb=\count285
\c@pgf@countc=\count286
\c@pgf@countd=\count287
\t@pgf@toka=\toks28
\t@pgf@tokb=\toks29
\t@pgf@tokc=\toks30
\pgf@sys@id@count=\count288

("C:\Users\Samuel Demir\AppData\Local\Programs\MiKTeX 2.9\tex/generic/pgf/syste
mlayer\pgf.cfg"
File: pgf.cfg 2020/01/08 v3.1.5b (3.1.5b)
)
Driver file for pgf: pgfsys-pdftex.def

("C:\Users\Samuel Demir\AppData\Local\Programs\MiKTeX 2.9\tex/generic/pgf/syste
mlayer\pgfsys-pdftex.def"
File: pgfsys-pdftex.def 2020/01/08 v3.1.5b (3.1.5b)

("C:\Users\Samuel Demir\AppData\Local\Programs\MiKTeX 2.9\tex/generic/pgf/syste
mlayer\pgfsys-common-pdf.def"
File: pgfsys-common-pdf.def 2020/01/08 v3.1.5b (3.1.5b)
)))
("C:\Users\Samuel Demir\AppData\Local\Programs\MiKTeX 2.9\tex/generic/pgf/syste
mlayer\pgfsyssoftpath.code.tex"
File: pgfsyssoftpath.code.tex 2020/01/08 v3.1.5b (3.1.5b)
\pgfsyssoftpath@smallbuffer@items=\count289
\pgfsyssoftpath@bigbuffer@items=\count290
)
("C:\Users\Samuel Demir\AppData\Local\Programs\MiKTeX 2.9\tex/generic/pgf/syste
mlayer\pgfsysprotocol.code.tex"
File: pgfsysprotocol.code.tex 2020/01/08 v3.1.5b (3.1.5b)
))
("C:\Users\Samuel Demir\AppData\Local\Programs\MiKTeX 2.9\tex/generic/pgf/basic
layer\pgfcore.code.tex"
Package: pgfcore 2020/01/08 v3.1.5b (3.1.5b)

("C:\Users\Samuel Demir\AppData\Local\Programs\MiKTeX 2.9\tex/generic/pgf/math\
pgfmath.code.tex"
("C:\Users\Samuel Demir\AppData\Local\Programs\MiKTeX 2.9\tex/generic/pgf/math\
pgfmathcalc.code.tex"
("C:\Users\Samuel Demir\AppData\Local\Programs\MiKTeX 2.9\tex/generic/pgf/math\
pgfmathutil.code.tex")
("C:\Users\Samuel Demir\AppData\Local\Programs\MiKTeX 2.9\tex/generic/pgf/math\
pgfmathparser.code.tex"
\pgfmath@dimen=\dimen159
\pgfmath@count=\count291
\pgfmath@box=\box50
\pgfmath@toks=\toks31
\pgfmath@stack@operand=\toks32
\pgfmath@stack@operation=\toks33
)
("C:\Users\Samuel Demir\AppData\Local\Programs\MiKTeX 2.9\tex/generic/pgf/math\
pgfmathfunctions.code.tex"
("C:\Users\Samuel Demir\AppData\Local\Programs\MiKTeX 2.9\tex/generic/pgf/math\
pgfmathfunctions.basic.code.tex")
("C:\Users\Samuel Demir\AppData\Local\Programs\MiKTeX 2.9\tex/generic/pgf/math\
pgfmathfunctions.trigonometric.code.tex")
("C:\Users\Samuel Demir\AppData\Local\Programs\MiKTeX 2.9\tex/generic/pgf/math\
pgfmathfunctions.random.code.tex")
("C:\Users\Samuel Demir\AppData\Local\Programs\MiKTeX 2.9\tex/generic/pgf/math\
pgfmathfunctions.comparison.code.tex")
("C:\Users\Samuel Demir\AppData\Local\Programs\MiKTeX 2.9\tex/generic/pgf/math\
pgfmathfunctions.base.code.tex")
("C:\Users\Samuel Demir\AppData\Local\Programs\MiKTeX 2.9\tex/generic/pgf/math\
pgfmathfunctions.round.code.tex")
("C:\Users\Samuel Demir\AppData\Local\Programs\MiKTeX 2.9\tex/generic/pgf/math\
pgfmathfunctions.misc.code.tex")
("C:\Users\Samuel Demir\AppData\Local\Programs\MiKTeX 2.9\tex/generic/pgf/math\
pgfmathfunctions.integerarithmetics.code.tex")))
("C:\Users\Samuel Demir\AppData\Local\Programs\MiKTeX 2.9\tex/generic/pgf/math\
pgfmathfloat.code.tex"
\c@pgfmathroundto@lastzeros=\count292
))
("C:\Users\Samuel Demir\AppData\Local\Programs\MiKTeX 2.9\tex/generic/pgf/math\
pgfint.code.tex")
("C:\Users\Samuel Demir\AppData\Local\Programs\MiKTeX 2.9\tex/generic/pgf/basic
layer\pgfcorepoints.code.tex"
File: pgfcorepoints.code.tex 2020/01/08 v3.1.5b (3.1.5b)
\pgf@picminx=\dimen160
\pgf@picmaxx=\dimen161
\pgf@picminy=\dimen162
\pgf@picmaxy=\dimen163
\pgf@pathminx=\dimen164
\pgf@pathmaxx=\dimen165
\pgf@pathminy=\dimen166
\pgf@pathmaxy=\dimen167
\pgf@xx=\dimen168
\pgf@xy=\dimen169
\pgf@yx=\dimen170
\pgf@yy=\dimen171
\pgf@zx=\dimen172
\pgf@zy=\dimen173
)
("C:\Users\Samuel Demir\AppData\Local\Programs\MiKTeX 2.9\tex/generic/pgf/basic
layer\pgfcorepathconstruct.code.tex"
File: pgfcorepathconstruct.code.tex 2020/01/08 v3.1.5b (3.1.5b)
\pgf@path@lastx=\dimen174
\pgf@path@lasty=\dimen175
)
("C:\Users\Samuel Demir\AppData\Local\Programs\MiKTeX 2.9\tex/generic/pgf/basic
layer\pgfcorepathusage.code.tex"
File: pgfcorepathusage.code.tex 2020/01/08 v3.1.5b (3.1.5b)
\pgf@shorten@end@additional=\dimen176
\pgf@shorten@start@additional=\dimen177
)
("C:\Users\Samuel Demir\AppData\Local\Programs\MiKTeX 2.9\tex/generic/pgf/basic
layer\pgfcorescopes.code.tex"
File: pgfcorescopes.code.tex 2020/01/08 v3.1.5b (3.1.5b)
\pgfpic=\box51
\pgf@hbox=\box52
\pgf@layerbox@main=\box53
\pgf@picture@serial@count=\count293
)
("C:\Users\Samuel Demir\AppData\Local\Programs\MiKTeX 2.9\tex/generic/pgf/basic
layer\pgfcoregraphicstate.code.tex"
File: pgfcoregraphicstate.code.tex 2020/01/08 v3.1.5b (3.1.5b)
\pgflinewidth=\dimen178
)
("C:\Users\Samuel Demir\AppData\Local\Programs\MiKTeX 2.9\tex/generic/pgf/basic
layer\pgfcoretransformations.code.tex"
File: pgfcoretransformations.code.tex 2020/01/08 v3.1.5b (3.1.5b)
\pgf@pt@x=\dimen179
\pgf@pt@y=\dimen180
\pgf@pt@temp=\dimen181
)
("C:\Users\Samuel Demir\AppData\Local\Programs\MiKTeX 2.9\tex/generic/pgf/basic
layer\pgfcorequick.code.tex"
File: pgfcorequick.code.tex 2020/01/08 v3.1.5b (3.1.5b)
)
("C:\Users\Samuel Demir\AppData\Local\Programs\MiKTeX 2.9\tex/generic/pgf/basic
layer\pgfcoreobjects.code.tex"
File: pgfcoreobjects.code.tex 2020/01/08 v3.1.5b (3.1.5b)
)
("C:\Users\Samuel Demir\AppData\Local\Programs\MiKTeX 2.9\tex/generic/pgf/basic
layer\pgfcorepathprocessing.code.tex"
File: pgfcorepathprocessing.code.tex 2020/01/08 v3.1.5b (3.1.5b)
)
("C:\Users\Samuel Demir\AppData\Local\Programs\MiKTeX 2.9\tex/generic/pgf/basic
layer\pgfcorearrows.code.tex"
File: pgfcorearrows.code.tex 2020/01/08 v3.1.5b (3.1.5b)
\pgfarrowsep=\dimen182
)
("C:\Users\Samuel Demir\AppData\Local\Programs\MiKTeX 2.9\tex/generic/pgf/basic
layer\pgfcoreshade.code.tex"
File: pgfcoreshade.code.tex 2020/01/08 v3.1.5b (3.1.5b)
\pgf@max=\dimen183
\pgf@sys@shading@range@num=\count294
\pgf@shadingcount=\count295
)
("C:\Users\Samuel Demir\AppData\Local\Programs\MiKTeX 2.9\tex/generic/pgf/basic
layer\pgfcoreimage.code.tex"
File: pgfcoreimage.code.tex 2020/01/08 v3.1.5b (3.1.5b)

("C:\Users\Samuel Demir\AppData\Local\Programs\MiKTeX 2.9\tex/generic/pgf/basic
layer\pgfcoreexternal.code.tex"
File: pgfcoreexternal.code.tex 2020/01/08 v3.1.5b (3.1.5b)
\pgfexternal@startupbox=\box54
))
("C:\Users\Samuel Demir\AppData\Local\Programs\MiKTeX 2.9\tex/generic/pgf/basic
layer\pgfcorelayers.code.tex"
File: pgfcorelayers.code.tex 2020/01/08 v3.1.5b (3.1.5b)
)
("C:\Users\Samuel Demir\AppData\Local\Programs\MiKTeX 2.9\tex/generic/pgf/basic
layer\pgfcoretransparency.code.tex"
File: pgfcoretransparency.code.tex 2020/01/08 v3.1.5b (3.1.5b)
)
("C:\Users\Samuel Demir\AppData\Local\Programs\MiKTeX 2.9\tex/generic/pgf/basic
layer\pgfcorepatterns.code.tex"
File: pgfcorepatterns.code.tex 2020/01/08 v3.1.5b (3.1.5b)
)
("C:\Users\Samuel Demir\AppData\Local\Programs\MiKTeX 2.9\tex/generic/pgf/basic
layer\pgfcorerdf.code.tex"
File: pgfcorerdf.code.tex 2020/01/08 v3.1.5b (3.1.5b)
)))
("C:\Users\Samuel Demir\AppData\Local\Programs\MiKTeX 2.9\tex/generic/pgf/modul
es\pgfmoduleshapes.code.tex"
File: pgfmoduleshapes.code.tex 2020/01/08 v3.1.5b (3.1.5b)
\pgfnodeparttextbox=\box55
)
("C:\Users\Samuel Demir\AppData\Local\Programs\MiKTeX 2.9\tex/generic/pgf/modul
es\pgfmoduleplot.code.tex"
File: pgfmoduleplot.code.tex 2020/01/08 v3.1.5b (3.1.5b)
)
("C:\Users\Samuel Demir\AppData\Local\Programs\MiKTeX 2.9\tex/latex/pgf/compati
bility\pgfcomp-version-0-65.sty"
Package: pgfcomp-version-0-65 2020/01/08 v3.1.5b (3.1.5b)
\pgf@nodesepstart=\dimen184
\pgf@nodesepend=\dimen185
)
("C:\Users\Samuel Demir\AppData\Local\Programs\MiKTeX 2.9\tex/latex/pgf/compati
bility\pgfcomp-version-1-18.sty"
Package: pgfcomp-version-1-18 2020/01/08 v3.1.5b (3.1.5b)
))
("C:\Users\Samuel Demir\AppData\Local\Programs\MiKTeX 2.9\tex/latex/tools\verba
tim.sty"
Package: verbatim 2019/11/10 v1.5r LaTeX2e package for verbatim enhancements
\every@verbatim=\toks34
\verbatim@line=\toks35
\verbatim@in@stream=\read4
)
("C:\Users\Samuel Demir\AppData\Local\Programs\MiKTeX 2.9\tex/latex/environ\env
iron.sty"
Package: environ 2014/05/04 v0.3 A new way to define environments

("C:\Users\Samuel Demir\AppData\Local\Programs\MiKTeX 2.9\tex/latex/trimspaces\
trimspaces.sty"
Package: trimspaces 2009/09/17 v1.1 Trim spaces around a token list
))
\tcb@titlebox=\box56
\tcb@upperbox=\box57
\tcb@lowerbox=\box58
\tcb@phantombox=\box59
\c@tcbbreakpart=\count296
\c@tcblayer=\count297
\tcolorbox@number=\count298
\tcb@temp=\box60
\tcb@temp=\box61
\tcb@temp=\box62
\tcb@temp=\box63
\tcb@out=\write4
\tcb@record@out=\write5
)
("C:\Users\Samuel Demir\AppData\Local\Programs\MiKTeX 2.9\tex/latex/float\float
.sty"
Package: float 2001/11/08 v1.3d Float enhancements (AL)
\c@float@type=\count299
\float@exts=\toks36
\float@box=\box64
\@float@everytoks=\toks37
\@floatcapt=\box65
)
("C:\Users\Samuel Demir\AppData\Local\Programs\MiKTeX 2.9\tex/latex/enumitem\en
umitem.sty"
Package: enumitem 2019/06/20 v3.9 Customized lists
\labelindent=\skip67
\enit@outerparindent=\dimen186
\enit@toks=\toks38
\enit@inbox=\box66
\enit@count@id=\count300
\enitdp@description=\count301
)
("C:\Users\Samuel Demir\AppData\Local\Programs\MiKTeX 2.9\tex/latex/koma-script
\scrlayer-scrpage.sty"
Package: scrlayer-scrpage 2020/01/24 v3.29 KOMA-Script package (end user interf
ace for scrlayer)

("C:\Users\Samuel Demir\AppData\Local\Programs\MiKTeX 2.9\tex/latex/koma-script
\scrlayer.sty"
Package: scrlayer 2020/01/24 v3.29 KOMA-Script package (defining layers and pag
e styles)
Package scrlayer Info: Using already defined \footheight
(scrlayer)             hoping, that this is a length and
(scrlayer)             not only a macro on input line 109.
Package scrlayer Info: patching LaTeX kernel macro \pagestyle on input line 210
6.
)
Package scrlayer-scrpage Info: Makeing stand-alone element `pagehead' from
(scrlayer-scrpage)             alias to `pageheadfoot' on input line 1244.
Package scrlayer-scrpage Info: deactivating warning for font element
(scrlayer-scrpage)             `pagefoot' on input line 1271.
)
Package scrlayer-scrpage Info: auto-selection of `pagestyleset=KOMA-Script'.

1: section
1: chapter
1: chapter
1: section
1: section
Class scrreprt Info: File `scrsize12pt.clo' used to setup font sizes on input l
ine 64.

("C:\Users\Samuel Demir\AppData\Local\Programs\MiKTeX 2.9\tex/latex/koma-script
\scrsize12pt.clo"
File: scrsize12pt.clo 2020/01/24 v3.29 KOMA-Script font size class option (12pt
)
)
LaTeX Font Info:    Trying to load font information for T1+lmr on input line 64
.

("C:\Users\Samuel Demir\AppData\Local\Programs\MiKTeX 2.9\tex/latex/lm\t1lmr.fd
"
File: t1lmr.fd 2009/10/30 v1.6 Font defs for Latin Modern
)
Package typearea Info: These are the values describing the layout:
(typearea)             DIV  = 12
(typearea)             BCOR = 0.0pt
(typearea)             \paperwidth      = 597.50793pt
(typearea)              \textwidth      = 448.13095pt
(typearea)              DIV departure   = -6%
(typearea)              \evensidemargin = 2.4185pt
(typearea)              \oddsidemargin  = 2.4185pt
(typearea)             \paperheight     = 845.04694pt
(typearea)              \textheight     = 635.5pt
(typearea)              \topmargin      = -41.72441pt
(typearea)              \headheight     = 18.125pt
(typearea)              \headsep        = 21.75pt
(typearea)              \topskip        = 12.0pt
(typearea)              \footskip       = 50.75pt
(typearea)              \baselineskip   = 14.5pt
(typearea)              on input line 64.
Package typearea Info: These are the values describing the layout:
(typearea)             DIV  = 8
(typearea)             BCOR = 0.0pt
(typearea)             \paperwidth      = 597.50793pt
(typearea)              \textwidth      = 373.44246pt
(typearea)              DIV departure   = 3%
(typearea)              \evensidemargin = 39.76274pt
(typearea)              \oddsidemargin  = 39.76274pt
(typearea)             \paperheight     = 845.04694pt
(typearea)              \textheight     = 534.0pt
(typearea)              \topmargin      = -6.51413pt
(typearea)              \headheight     = 18.125pt
(typearea)              \headsep        = 21.75pt
(typearea)              \topskip        = 12.0pt
(typearea)              \footskip       = 50.75pt
(typearea)              \baselineskip   = 14.5pt
(typearea)              on input line 64.

("C:\Users\Samuel Demir\AppData\Local\Programs\MiKTeX 2.9\tex/latex/listings\li
stings.sty"
\lst@mode=\count302
\lst@gtempboxa=\box67
\lst@token=\toks39
\lst@length=\count303
\lst@currlwidth=\dimen187
\lst@column=\count304
\lst@pos=\count305
\lst@lostspace=\dimen188
\lst@width=\dimen189
\lst@newlines=\count306
\lst@lineno=\count307
\lst@maxwidth=\dimen190

("C:\Users\Samuel Demir\AppData\Local\Programs\MiKTeX 2.9\tex/latex/listings\ls
tmisc.sty"
File: lstmisc.sty 2019/09/10 1.8c (Carsten Heinz)
\c@lstnumber=\count308
\lst@skipnumbers=\count309
\lst@framebox=\box68
)
("C:\Users\Samuel Demir\AppData\Local\Programs\MiKTeX 2.9\tex/latex/listings\li
stings.cfg"
File: listings.cfg 2019/09/10 1.8c listings configuration
))
Package: listings 2019/09/10 1.8c (Carsten Heinz)

("C:\Users\Samuel Demir\AppData\Local\Programs\MiKTeX 2.9\tex/latex/koma-script
\scrhack.sty"
Package: scrhack 2020/01/24 v3.29 KOMA-Script package (hacking other packages)

("C:\Users\Samuel Demir\AppData\Local\Programs\MiKTeX 2.9\tex/latex/xpatch\xpat
ch.sty"
("C:\Users\Samuel Demir\AppData\Local\Programs\MiKTeX 2.9\tex/latex/l3kernel\ex
pl3.sty"
Package: expl3 2020-02-21 L3 programming layer (loader) 

("C:\Users\Samuel Demir\AppData\Local\Programs\MiKTeX 2.9\tex/latex/l3backend\l
3backend-pdfmode.def"
File: l3backend-pdfmode.def 2020-02-23 L3 backend support: PDF mode
\l__kernel_color_stack_int=\count310
\l__pdf_internal_box=\box69
))
Package: xpatch 2012/10/02 v0.3 Extending etoolbox patching commands

("C:\Users\Samuel Demir\AppData\Local\Programs\MiKTeX 2.9\tex/latex/l3packages/
xparse\xparse.sty"
Package: xparse 2020-02-14 L3 Experimental document command parser
\l__xparse_current_arg_int=\count311
\g__xparse_grabber_int=\count312
\l__xparse_m_args_int=\count313
\l__xparse_v_nesting_int=\count314
))
Package scrhack Info: loading float hack on input line 169.

("C:\Users\Samuel Demir\AppData\Local\Programs\MiKTeX 2.9\tex/latex/koma-script
\float.hak"
File: float.hak 2020/01/24 v3.29 KOMA-Script scrhack part (hacking package floa
t)
Package scrhack Info: redefining \newfloat on input line 163.
Package scrhack Info: redefining \listof on input line 163.
Package scrhack Info: undefining \float@addtolists on input line 163.
)
Package scrhack Info: loading listings hack on input line 183.

("C:\Users\Samuel Demir\AppData\Local\Programs\MiKTeX 2.9\tex/latex/koma-script
\listings.hak"
File: listings.hak 2020/01/24 v3.29 KOMA-Script scrhack part (hacking package l
istings)
Package tocbasic Info: setting babel extension for `lol' on input line 137.
Package scrhack Info: redefining \lstlistoflistings on input line 137.
)
Package scrhack Info: loading setspace hack on input line 197.

("C:\Users\Samuel Demir\AppData\Local\Programs\MiKTeX 2.9\tex/latex/koma-script
\setspace.hak"
File: setspace.hak 2020/01/24 v3.29 KOMA-Script scrhack part (hacking package s
etspace)
))
("C:\Users\Samuel Demir\AppData\Local\Programs\MiKTeX 2.9\tex/latex/base\textco
mp.sty"
Package: textcomp 2020/02/02 v2.0n Standard LaTeX package
)
("C:\Users\Samuel Demir\AppData\Local\Programs\MiKTeX 2.9\tex/latex/imakeidx\im
akeidx.sty"
Package: imakeidx 2016/10/15 v1.3e Package for typesetting indices in a synchro
nous mode

("C:\Users\Samuel Demir\AppData\Local\Programs\MiKTeX 2.9\tex/latex/xkeyval\xke
yval.sty"
Package: xkeyval 2014/12/03 v2.7a package option processing (HA)

("C:\Users\Samuel Demir\AppData\Local\Programs\MiKTeX 2.9\tex/generic/xkeyval\x
keyval.tex"
("C:\Users\Samuel Demir\AppData\Local\Programs\MiKTeX 2.9\tex/generic/xkeyval\x
kvutils.tex"
\XKV@toks=\toks40
\XKV@tempa@toks=\toks41
)
\XKV@depth=\count315
File: xkeyval.tex 2014/12/03 v2.7a key=value parser (HA)
))
("C:\Users\Samuel Demir\AppData\Local\Programs\MiKTeX 2.9\tex/generic/iftex\ifx
etex.sty"
Package: ifxetex 2019/10/25 v0.7 ifxetex legacy package. Use iftex instead.

("C:\Users\Samuel Demir\AppData\Local\Programs\MiKTeX 2.9\tex/generic/iftex\ift
ex.sty"
Package: iftex 2019/11/07 v1.0c TeX engine tests
))
("C:\Users\Samuel Demir\AppData\Local\Programs\MiKTeX 2.9\tex/generic/iftex\ifl
uatex.sty"
Package: ifluatex 2019/10/25 v1.5 ifluatex legacy package. Use iftex instead.
))
\main@idxfile=\write6
\openout6 = `main.idx'.


Writing index file main.idx

("C:\Users\Samuel Demir\AppData\Local\Programs\MiKTeX 2.9\tex/latex/filecontent
s\filecontents.sty"
Package: filecontents 2019/09/20 v1.5 Create an external file from within a LaT
eX document


Package filecontents Warning: This package is obsolete. Disabling it and
(filecontents)                passing control to the filecontents environment
(filecontents)                defined by the LaTeX kernel.

)

LaTeX Warning: File `mystyle.ist' already exists on the system.
               Not generating it from this source.


("C:\Users\Samuel Demir\AppData\Local\Programs\MiKTeX 2.9\tex/latex/biblatex\bi
blatex.sty"
Package: biblatex 2019/12/01 v3.14 programmable bibliographies (PK/MW)

("C:\Users\Samuel Demir\AppData\Local\Programs\MiKTeX 2.9\tex/latex/pdftexcmds\
pdftexcmds.sty"
Package: pdftexcmds 2019/11/24 v0.31 Utility functions of pdfTeX for LuaTeX (HO
)

("C:\Users\Samuel Demir\AppData\Local\Programs\MiKTeX 2.9\tex/generic/infwarerr
\infwarerr.sty"
Package: infwarerr 2019/12/03 v1.5 Providing info/warning/error messages (HO)
)
("C:\Users\Samuel Demir\AppData\Local\Programs\MiKTeX 2.9\tex/generic/ltxcmds\l
txcmds.sty"
Package: ltxcmds 2019/12/15 v1.24 LaTeX kernel commands for general use (HO)
)
Package pdftexcmds Info: \pdf@primitive is available.
Package pdftexcmds Info: \pdf@ifprimitive is available.
Package pdftexcmds Info: \pdfdraftmode found.
)
("C:\Users\Samuel Demir\AppData\Local\Programs\MiKTeX 2.9\tex/latex/kvoptions\k
voptions.sty"
Package: kvoptions 2019/11/29 v3.13 Key value format for package options (HO)

("C:\Users\Samuel Demir\AppData\Local\Programs\MiKTeX 2.9\tex/generic/kvsetkeys
\kvsetkeys.sty"
Package: kvsetkeys 2019/12/15 v1.18 Key value parser (HO)
))
("C:\Users\Samuel Demir\AppData\Local\Programs\MiKTeX 2.9\tex/latex/logreq\logr
eq.sty"
Package: logreq 2010/08/04 v1.0 xml request logger
\lrq@indent=\count316

("C:\Users\Samuel Demir\AppData\Local\Programs\MiKTeX 2.9\tex/latex/logreq\logr
eq.def"
File: logreq.def 2010/08/04 v1.0 logreq spec v1.0
))
("C:\Users\Samuel Demir\AppData\Local\Programs\MiKTeX 2.9\tex/latex/base\ifthen
.sty"
Package: ifthen 2014/09/29 v1.1c Standard LaTeX ifthen package (DPC)
)
("C:\Users\Samuel Demir\AppData\Local\Programs\MiKTeX 2.9\tex/latex/url\url.sty
"
\Urlmuskip=\muskip17
Package: url 2013/09/16  ver 3.4  Verb mode for urls, etc.
)
\c@tabx@nest=\count317
\c@listtotal=\count318
\c@listcount=\count319
\c@liststart=\count320
\c@liststop=\count321
\c@citecount=\count322
\c@citetotal=\count323
\c@multicitecount=\count324
\c@multicitetotal=\count325
\c@instcount=\count326
\c@maxnames=\count327
\c@minnames=\count328
\c@maxitems=\count329
\c@minitems=\count330
\c@citecounter=\count331
\c@maxcitecounter=\count332
\c@savedcitecounter=\count333
\c@uniquelist=\count334
\c@uniquename=\count335
\c@refsection=\count336
\c@refsegment=\count337
\c@maxextratitle=\count338
\c@maxextratitleyear=\count339
\c@maxextraname=\count340
\c@maxextradate=\count341
\c@maxextraalpha=\count342
\c@abbrvpenalty=\count343
\c@highnamepenalty=\count344
\c@lownamepenalty=\count345
\c@maxparens=\count346
\c@parenlevel=\count347
\blx@tempcnta=\count348
\blx@tempcntb=\count349
\blx@tempcntc=\count350
\blx@maxsection=\count351
\blx@maxsegment@0=\count352
\blx@notetype=\count353
\blx@parenlevel@text=\count354
\blx@parenlevel@foot=\count355
\blx@sectionciteorder@0=\count356
\blx@entrysetcounter=\count357
\labelnumberwidth=\skip68
\labelalphawidth=\skip69
\biblabelsep=\skip70
\bibitemsep=\skip71
\bibnamesep=\skip72
\bibinitsep=\skip73
\bibparsep=\skip74
\bibhang=\skip75
\blx@bcfin=\read5
\blx@bcfout=\write7
\blx@langwohyphens=\language78
\c@mincomprange=\count358
\c@maxcomprange=\count359
\c@mincompwidth=\count360
Package biblatex Info: Trying to load biblatex default data model...
Package biblatex Info: ... file 'blx-dm.def' found.

("C:\Users\Samuel Demir\AppData\Local\Programs\MiKTeX 2.9\tex/latex/biblatex\bl
x-dm.def"
File: blx-dm.def 2019/12/01 v3.14 biblatex localization (PK/MW)
)
Package biblatex Info: Trying to load biblatex style data model...
Package biblatex Info: ... file 'alphabetic.dbx' not found.
Package biblatex Info: Trying to load biblatex custom data model...
Package biblatex Info: ... file 'biblatex-dm.cfg' not found.
\c@afterword=\count361
\c@savedafterword=\count362
\c@annotator=\count363
\c@savedannotator=\count364
\c@author=\count365
\c@savedauthor=\count366
\c@bookauthor=\count367
\c@savedbookauthor=\count368
\c@commentator=\count369
\c@savedcommentator=\count370
\c@editor=\count371
\c@savededitor=\count372
\c@editora=\count373
\c@savededitora=\count374
\c@editorb=\count375
\c@savededitorb=\count376
\c@editorc=\count377
\c@savededitorc=\count378
\c@foreword=\count379
\c@savedforeword=\count380
\c@holder=\count381
\c@savedholder=\count382
\c@introduction=\count383
\c@savedintroduction=\count384
\c@namea=\count385
\c@savednamea=\count386
\c@nameb=\count387
\c@savednameb=\count388
\c@namec=\count389
\c@savednamec=\count390
\c@translator=\count391
\c@savedtranslator=\count392
\c@shortauthor=\count393
\c@savedshortauthor=\count394
\c@shorteditor=\count395
\c@savedshorteditor=\count396
\c@labelname=\count397
\c@savedlabelname=\count398
\c@institution=\count399
\c@savedinstitution=\count400
\c@lista=\count401
\c@savedlista=\count402
\c@listb=\count403
\c@savedlistb=\count404
\c@listc=\count405
\c@savedlistc=\count406
\c@listd=\count407
\c@savedlistd=\count408
\c@liste=\count409
\c@savedliste=\count410
\c@listf=\count411
\c@savedlistf=\count412
\c@location=\count413
\c@savedlocation=\count414
\c@organization=\count415
\c@savedorganization=\count416
\c@origlocation=\count417
\c@savedoriglocation=\count418
\c@origpublisher=\count419
\c@savedorigpublisher=\count420
\c@publisher=\count421
\c@savedpublisher=\count422
\c@language=\count423
\c@savedlanguage=\count424
\c@origlanguage=\count425
\c@savedoriglanguage=\count426
\c@pageref=\count427
\c@savedpageref=\count428
\shorthandwidth=\skip76
\shortjournalwidth=\skip77
\shortserieswidth=\skip78
\shorttitlewidth=\skip79
\shortauthorwidth=\skip80
\shorteditorwidth=\skip81
\locallabelnumberwidth=\skip82
\locallabelalphawidth=\skip83
\localshorthandwidth=\skip84
\localshortjournalwidth=\skip85
\localshortserieswidth=\skip86
\localshorttitlewidth=\skip87
\localshortauthorwidth=\skip88
\localshorteditorwidth=\skip89
Package biblatex Info: Trying to load compatibility code...
Package biblatex Info: ... file 'blx-compat.def' found.

("C:\Users\Samuel Demir\AppData\Local\Programs\MiKTeX 2.9\tex/latex/biblatex\bl
x-compat.def"
File: blx-compat.def 2019/12/01 v3.14 biblatex compatibility (PK/MW)
)
Package biblatex Info: Trying to load BibTeX backend compatibility...
Package biblatex Info: ... file 'blx-bibtex.def' found.

("C:\Users\Samuel Demir\AppData\Local\Programs\MiKTeX 2.9\tex/latex/biblatex\bl
x-bibtex.def"
File: blx-bibtex.def 2019/12/01 v3.14 biblatex compatibility (PK/MW)


Package biblatex Warning: Using fall-back BibTeX(8) backend:
(biblatex)                functionality may be reduced/unavailable.

)
Package biblatex Info: Trying to load generic definitions...
Package biblatex Info: ... file 'biblatex.def' found.

("C:\Users\Samuel Demir\AppData\Local\Programs\MiKTeX 2.9\tex/latex/biblatex\bi
blatex.def"
File: biblatex.def 2019/12/01 v3.14 biblatex compatibility (PK/MW)
\c@textcitecount=\count429
\c@textcitetotal=\count430
\c@textcitemaxnames=\count431
\c@biburlbigbreakpenalty=\count432
\c@biburlbreakpenalty=\count433
\c@biburlnumpenalty=\count434
\c@biburlucpenalty=\count435
\c@biburllcpenalty=\count436
\biburlbigskip=\muskip18
\biburlnumskip=\muskip19
\biburlucskip=\muskip20
\biburllcskip=\muskip21
\c@smartand=\count437
)
Package biblatex Info: Trying to load bibliography style 'alphabetic'...
Package biblatex Info: ... file 'alphabetic.bbx' found.

("C:\Users\Samuel Demir\AppData\Local\Programs\MiKTeX 2.9\tex/latex/biblatex/bb
x\alphabetic.bbx"
File: alphabetic.bbx 2019/12/01 v3.14 biblatex bibliography style (PK/MW)
Package biblatex Info: Trying to load bibliography style 'standard'...
Package biblatex Info: ... file 'standard.bbx' found.

("C:\Users\Samuel Demir\AppData\Local\Programs\MiKTeX 2.9\tex/latex/biblatex/bb
x\standard.bbx"
File: standard.bbx 2019/12/01 v3.14 biblatex bibliography style (PK/MW)
\c@bbx:relatedcount=\count438
\c@bbx:relatedtotal=\count439
))
Package biblatex Info: Trying to load citation style 'alphabetic'...
Package biblatex Info: ... file 'alphabetic.cbx' found.

("C:\Users\Samuel Demir\AppData\Local\Programs\MiKTeX 2.9\tex/latex/biblatex/cb
x\alphabetic.cbx"
File: alphabetic.cbx 2019/12/01 v3.14 biblatex citation style (PK/MW)
Package biblatex Info: Redefining '\cite'.
Package biblatex Info: Redefining '\parencite'.
Package biblatex Info: Redefining '\footcite'.
Package biblatex Info: Redefining '\footcitetext'.
Package biblatex Info: Redefining '\smartcite'.
Package biblatex Info: Redefining '\textcite'.
Package biblatex Info: Redefining '\textcites'.
Package biblatex Info: Redefining '\cites'.
Package biblatex Info: Redefining '\parencites'.
Package biblatex Info: Redefining '\smartcites'.
)
Package biblatex Info: Trying to load configuration file...
Package biblatex Info: ... file 'biblatex.cfg' found.

("C:\Users\Samuel Demir\AppData\Local\Programs\MiKTeX 2.9\tex/latex/biblatex\bi
blatex.cfg"
File: biblatex.cfg 
)))
Package scrhack Info: hyperref hack deactivated because of
(scrhack)             detection of KOMA-Script class, that doesn't
(scrhack)             need that hack, on input line 5.

("C:\Users\Samuel Demir\AppData\Local\Programs\MiKTeX 2.9\tex/latex/hyperref\hy
perref.sty"
Package: hyperref 2020/01/14 v7.00d Hypertext links for LaTeX

("C:\Users\Samuel Demir\AppData\Local\Programs\MiKTeX 2.9\tex/generic/kvdefinek
eys\kvdefinekeys.sty"
Package: kvdefinekeys 2019-12-19 v1.6 Define keys (HO)
)
("C:\Users\Samuel Demir\AppData\Local\Programs\MiKTeX 2.9\tex/generic/pdfescape
\pdfescape.sty"
Package: pdfescape 2019/12/09 v1.15 Implements pdfTeX's escape features (HO)
)
("C:\Users\Samuel Demir\AppData\Local\Programs\MiKTeX 2.9\tex/latex/hycolor\hyc
olor.sty"
Package: hycolor 2020-01-27 v1.10 Color options for hyperref/bookmark (HO)
)
("C:\Users\Samuel Demir\AppData\Local\Programs\MiKTeX 2.9\tex/latex/letltxmacro
\letltxmacro.sty"
Package: letltxmacro 2019/12/03 v1.6 Let assignment for LaTeX macros (HO)
)
("C:\Users\Samuel Demir\AppData\Local\Programs\MiKTeX 2.9\tex/latex/auxhook\aux
hook.sty"
Package: auxhook 2019-12-17 v1.6 Hooks for auxiliary files (HO)
)
\@linkdim=\dimen191
\Hy@linkcounter=\count440
\Hy@pagecounter=\count441

("C:\Users\Samuel Demir\AppData\Local\Programs\MiKTeX 2.9\tex/latex/hyperref\pd
1enc.def"
File: pd1enc.def 2020/01/14 v7.00d Hyperref: PDFDocEncoding definition (HO)
Now handling font encoding PD1 ...
... no UTF-8 mapping file for font encoding PD1
)
("C:\Users\Samuel Demir\AppData\Local\Programs\MiKTeX 2.9\tex/generic/intcalc\i
ntcalc.sty"
Package: intcalc 2019/12/15 v1.3 Expandable calculations with integers (HO)
)
("C:\Users\Samuel Demir\AppData\Local\Programs\MiKTeX 2.9\tex/generic/etexcmds\
etexcmds.sty"
Package: etexcmds 2019/12/15 v1.7 Avoid name clashes with e-TeX commands (HO)
)
\Hy@SavedSpaceFactor=\count442
Package hyperref Info: Option `breaklinks' set `true' on input line 4421.
Package hyperref Info: Hyper figures OFF on input line 4547.
Package hyperref Info: Link nesting OFF on input line 4552.
Package hyperref Info: Hyper index ON on input line 4555.
Package hyperref Info: Plain pages OFF on input line 4562.
Package hyperref Info: Backreferencing OFF on input line 4567.
Package hyperref Info: Implicit mode ON; LaTeX internals redefined.
Package hyperref Info: Bookmarks ON on input line 4800.
\c@Hy@tempcnt=\count443
LaTeX Info: Redefining \url on input line 5159.
\XeTeXLinkMargin=\dimen192

("C:\Users\Samuel Demir\AppData\Local\Programs\MiKTeX 2.9\tex/generic/bitset\bi
tset.sty"
Package: bitset 2019/12/09 v1.3 Handle bit-vector datatype (HO)

("C:\Users\Samuel Demir\AppData\Local\Programs\MiKTeX 2.9\tex/generic/bigintcal
c\bigintcalc.sty"
Package: bigintcalc 2019/12/15 v1.5 Expandable calculations on big integers (HO
)
))
\Fld@menulength=\count444
\Field@Width=\dimen193
\Fld@charsize=\dimen194
Package hyperref Info: Hyper figures OFF on input line 6430.
Package hyperref Info: Link nesting OFF on input line 6435.
Package hyperref Info: Hyper index ON on input line 6438.
Package hyperref Info: backreferencing OFF on input line 6445.
Package hyperref Info: Link coloring OFF on input line 6450.
Package hyperref Info: Link coloring with OCG OFF on input line 6455.
Package hyperref Info: PDF/A mode OFF on input line 6460.
LaTeX Info: Redefining \ref on input line 6500.
LaTeX Info: Redefining \pageref on input line 6504.

("C:\Users\Samuel Demir\AppData\Local\Programs\MiKTeX 2.9\tex/generic/atbegshi\
atbegshi.sty"
Package: atbegshi 2019/12/05 v1.19 At begin shipout hook (HO)
)
\Hy@abspage=\count445
\c@Item=\count446
\c@Hfootnote=\count447
)
Package hyperref Info: Driver (autodetected): hpdftex.

("C:\Users\Samuel Demir\AppData\Local\Programs\MiKTeX 2.9\tex/latex/hyperref\hp
dftex.def"
File: hpdftex.def 2020/01/14 v7.00d Hyperref driver for pdfTeX

("C:\Users\Samuel Demir\AppData\Local\Programs\MiKTeX 2.9\tex/latex/atveryend\a
tveryend.sty"
Package: atveryend 2019-12-11 v1.11 Hooks at the very end of document (HO)
)
\Fld@listcount=\count448
\c@bookmark@seq@number=\count449

("C:\Users\Samuel Demir\AppData\Local\Programs\MiKTeX 2.9\tex/latex/rerunfilech
eck\rerunfilecheck.sty"
Package: rerunfilecheck 2019/12/05 v1.9 Rerun checks for auxiliary files (HO)

("C:\Users\Samuel Demir\AppData\Local\Programs\MiKTeX 2.9\tex/generic/uniquecou
nter\uniquecounter.sty"
Package: uniquecounter 2019/12/15 v1.4 Provide unlimited unique counter (HO)
)
Package uniquecounter Info: New unique counter `rerunfilecheck' on input line 2
86.
)
\Hy@SectionHShift=\skip90
)
Package csquotes Info: Checking for multilingual support...
Package csquotes Info: ... found 'babel' package.
Package csquotes Info: Adjusting default style.
Package csquotes Info: Redefining alias 'default' -> 'ngerman'.
 (main.aux (content/cover.aux)
(content/statutory_declaration.aux) (content/abstract.aux)
(content/foreword.aux) (content/list_of_abbreviations.aux)
(content/chapters/[1]_chapter_one.aux) (content/chapters/[2]_chapter_two.aux)
(content/appendix.aux))
\openout1 = `main.aux'.

LaTeX Font Info:    Checking defaults for OML/cmm/m/it on input line 7.
LaTeX Font Info:    ... okay on input line 7.
LaTeX Font Info:    Checking defaults for OMS/cmsy/m/n on input line 7.
LaTeX Font Info:    ... okay on input line 7.
LaTeX Font Info:    Checking defaults for OT1/cmr/m/n on input line 7.
LaTeX Font Info:    ... okay on input line 7.
LaTeX Font Info:    Checking defaults for T1/cmr/m/n on input line 7.
LaTeX Font Info:    ... okay on input line 7.
LaTeX Font Info:    Checking defaults for TS1/cmr/m/n on input line 7.
LaTeX Font Info:    ... okay on input line 7.
LaTeX Font Info:    Checking defaults for OMX/cmex/m/n on input line 7.
LaTeX Font Info:    ... okay on input line 7.
LaTeX Font Info:    Checking defaults for U/cmr/m/n on input line 7.
LaTeX Font Info:    ... okay on input line 7.
LaTeX Font Info:    Checking defaults for PD1/pdf/m/n on input line 7.
LaTeX Font Info:    ... okay on input line 7.

("C:\Users\Samuel Demir\AppData\Local\Programs\MiKTeX 2.9\tex/context/base/mkii
\supp-pdf.mkii"
[Loading MPS to PDF converter (version 2006.09.02).]
\scratchcounter=\count450
\scratchdimen=\dimen195
\scratchbox=\box70
\nofMPsegments=\count451
\nofMParguments=\count452
\everyMPshowfont=\toks42
\MPscratchCnt=\count453
\MPscratchDim=\dimen196
\MPnumerator=\count454
\makeMPintoPDFobject=\count455
\everyMPtoPDFconversion=\toks43
)
("C:\Users\Samuel Demir\AppData\Local\Programs\MiKTeX 2.9\tex/latex/epstopdf-pk
g\epstopdf-base.sty"
Package: epstopdf-base 2020-01-24 v2.11 Base part for package epstopdf
Package epstopdf-base Info: Redefining graphics rule for `.eps' on input line 4
85.
) ABD: EveryShipout initializing macros
\c@lstlisting=\count456
Package scrhack Info: undefining \float@addtolists on input line 7.
Package biblatex Info: Trying to load language 'ngerman'...
Package biblatex Info: ... file 'ngerman.lbx' found.

("C:\Users\Samuel Demir\AppData\Local\Programs\MiKTeX 2.9\tex/latex/biblatex/lb
x\ngerman.lbx"
File: ngerman.lbx 2019/12/01 v3.14 biblatex localization (PK/MW)
Package biblatex Info: Trying to load language 'german'...
Package biblatex Info: ... file 'german.lbx' found.

("C:\Users\Samuel Demir\AppData\Local\Programs\MiKTeX 2.9\tex/latex/biblatex/lb
x\german.lbx"
File: german.lbx 2019/12/01 v3.14 biblatex localization (PK/MW)
)
Package biblatex Info: Trying to load language 'german'...
Package biblatex Info: ... file 'german.lbx' found.

("C:\Users\Samuel Demir\AppData\Local\Programs\MiKTeX 2.9\tex/latex/biblatex/lb
x\german.lbx"
File: german.lbx 2019/12/01 v3.14 biblatex localization (PK/MW)
))
Package biblatex Info: Input encoding 'utf8' detected.
Package biblatex Info: Automatic encoding selection.
(biblatex)             Assuming data encoding 'utf8'.
Package biblatex Info: Input encoding 'utf8' specified.
Package biblatex Info: Data encoding 'utf8' specified.
(biblatex)             No need to reencode data.
\openout7 = `main-blx.bib'.

Package biblatex Info: Trying to load bibliographic data...
Package biblatex Info: ... file 'main.bbl' found.
 (main.bbl)
Package biblatex Info: Reference section=0 on input line 7.
Package biblatex Info: Reference segment=0 on input line 7.
\AtBeginShipoutBox=\box71
Package hyperref Info: Link coloring OFF on input line 7.

("C:\Users\Samuel Demir\AppData\Local\Programs\MiKTeX 2.9\tex/latex/hyperref\na
meref.sty"
Package: nameref 2019/09/16 v2.46 Cross-referencing by name of section

("C:\Users\Samuel Demir\AppData\Local\Programs\MiKTeX 2.9\tex/latex/refcount\re
fcount.sty"
Package: refcount 2019/12/15 v3.6 Data extraction from label references (HO)
)
("C:\Users\Samuel Demir\AppData\Local\Programs\MiKTeX 2.9\tex/generic/gettitles
tring\gettitlestring.sty"
Package: gettitlestring 2019/12/15 v1.6 Cleanup title references (HO)
)
\c@section@level=\count457
)
LaTeX Info: Redefining \ref on input line 7.
LaTeX Info: Redefining \pageref on input line 7.
LaTeX Info: Redefining \nameref on input line 7.
 (main.out) (main.out)
\@outlinefile=\write8
\openout8 = `main.out'.

Class scrreprt Info: loading recommended package `bookmark'.
(scrreprt)           Using `bookmark' together with `hyperref' is recommended,
(scrreprt)           because of handling of possible bookmark level gaps.
(scrreprt)           You can avoid loading `bookmark' with KOMA-Script option
(scrreprt)           `bookmarkpackage=false' before \begin{document} and
(scrreprt)           you can avoid this message adding:
(scrreprt)             \usepackage{bookmark}
(scrreprt)           before \begin{document} on input line 7.

("C:\Users\Samuel Demir\AppData\Local\Programs\MiKTeX 2.9\tex/latex/bookmark\bo
okmark.sty"
Package: bookmark 2019/12/03 v1.28 PDF bookmarks (HO)

("C:\Users\Samuel Demir\AppData\Local\Programs\MiKTeX 2.9\tex/latex/bookmark\bk
m-pdftex.def"
File: bkm-pdftex.def 2019/12/03 v1.28 bookmark driver for pdfTeX (HO)
Package auxhook Info: \AddLineBeginMainAux comes a little late,
(auxhook)             because the main .aux file is already opened on input lin
e 168.
\BKM@id=\count458
))
\openout2 = `content/cover.aux'.

 (content/cover.tex [1




{C:/Users/Samuel Demir/AppData/Local/MiKTeX/2.9/pdftex/config/pdftex.map}])
\openout2 = `content/statutory_declaration.aux'.

 (content/statutory_declaration.tex
LaTeX Font Info:    Trying to load font information for T1+lmss on input line 2
.

("C:\Users\Samuel Demir\AppData\Local\Programs\MiKTeX 2.9\tex/latex/lm\t1lmss.f
d"
File: t1lmss.fd 2009/10/30 v1.6 Font defs for Latin Modern
)
LaTeX Font Info:    Trying to load font information for OT1+lmr on input line 1
1.

("C:\Users\Samuel Demir\AppData\Local\Programs\MiKTeX 2.9\tex/latex/lm\ot1lmr.f
d"
File: ot1lmr.fd 2009/10/30 v1.6 Font defs for Latin Modern
)
LaTeX Font Info:    Trying to load font information for OML+lmm on input line 1
1.

("C:\Users\Samuel Demir\AppData\Local\Programs\MiKTeX 2.9\tex/latex/lm\omllmm.f
d"
File: omllmm.fd 2009/10/30 v1.6 Font defs for Latin Modern
)
LaTeX Font Info:    Trying to load font information for OMS+lmsy on input line 
11.

("C:\Users\Samuel Demir\AppData\Local\Programs\MiKTeX 2.9\tex/latex/lm\omslmsy.
fd"
File: omslmsy.fd 2009/10/30 v1.6 Font defs for Latin Modern
)
LaTeX Font Info:    Trying to load font information for OMX+lmex on input line 
11.

("C:\Users\Samuel Demir\AppData\Local\Programs\MiKTeX 2.9\tex/latex/lm\omxlmex.
fd"
File: omxlmex.fd 2009/10/30 v1.6 Font defs for Latin Modern
)
LaTeX Font Info:    External font `lmex10' loaded for size
(Font)              <12> on input line 11.
LaTeX Font Info:    External font `lmex10' loaded for size
(Font)              <8> on input line 11.
LaTeX Font Info:    External font `lmex10' loaded for size
(Font)              <6> on input line 11.
LaTeX Font Info:    Trying to load font information for U+msa on input line 11.


("C:\Users\Samuel Demir\AppData\Local\Programs\MiKTeX 2.9\tex/latex/amsfonts\um
sa.fd"
File: umsa.fd 2013/01/14 v3.01 AMS symbols A
)
LaTeX Font Info:    Trying to load font information for U+msb on input line 11.


("C:\Users\Samuel Demir\AppData\Local\Programs\MiKTeX 2.9\tex/latex/amsfonts\um
sb.fd"
File: umsb.fd 2013/01/14 v3.01 AMS symbols B
))
LaTeX Font Info:    External font `lmex10' loaded for size
(Font)              <10.95> on input line 15.
 [1



]
\openout2 = `content/abstract.aux'.

 (content/abstract.tex) [2



]
\openout2 = `content/foreword.aux'.

 (content/foreword.tex) [3



] (main.toc
Overfull \hbox (0.16273pt too wide) detected at line 8
 []\T1/lmr/bx/n/12 viii
 []

[4


])
\tf@toc=\write9
\openout9 = `main.toc'.

 (config/headingconfig.tex) [5] (main.lof)
\tf@lof=\write10
\openout10 = `main.lof'.

 (config/headingconfig.tex)
[6

] (main.lot)
\tf@lot=\write11
\openout11 = `main.lot'.

 (config/headingconfig.tex) [7

] (main.lol)
\tf@lol=\write12
\openout12 = `main.lol'.


(config/headingconfig.tex) [8

]
\openout2 = `content/list_of_abbreviations.aux'.

 (content/list_of_abbreviations.tex) [9


]
\openout2 = `content/chapters/[1]_chapter_one.aux'.


(content/chapters/[1]_chapter_one.tex
chapter 1.
(config/headingconfig.tex)
LaTeX Font Info:    Trying to load font information for TS1+lmr on input line 1
9.

("C:\Users\Samuel Demir\AppData\Local\Programs\MiKTeX 2.9\tex/latex/lm\ts1lmr.f
d"
File: ts1lmr.fd 2009/10/30 v1.6 Font defs for Latin Modern
) [1



]
("C:\Users\Samuel Demir\AppData\Local\Programs\MiKTeX 2.9\tex/latex/listings\ls
tlang1.sty"
File: lstlang1.sty 2019/09/10 1.8c listings language file
)
("C:\Users\Samuel Demir\AppData\Local\Programs\MiKTeX 2.9\tex/latex/listings\ls
tlang2.sty"
File: lstlang2.sty 2019/09/10 1.8c listings language file
)
("C:\Users\Samuel Demir\AppData\Local\Programs\MiKTeX 2.9\tex/latex/listings\ls
tlang3.sty"
File: lstlang3.sty 2019/09/10 1.8c listings language file
)
("C:\Users\Samuel Demir\AppData\Local\Programs\MiKTeX 2.9\tex/latex/listings\ls
tlang1.sty"
File: lstlang1.sty 2019/09/10 1.8c listings language file
)
("C:\Users\Samuel Demir\AppData\Local\Programs\MiKTeX 2.9\tex/latex/listings\ls
tlang2.sty"
File: lstlang2.sty 2019/09/10 1.8c listings language file
)
("C:\Users\Samuel Demir\AppData\Local\Programs\MiKTeX 2.9\tex/latex/listings\ls
tlang3.sty"
File: lstlang3.sty 2019/09/10 1.8c listings language file
)
("C:\Users\Samuel Demir\AppData\Local\Programs\MiKTeX 2.9\tex/latex/listings\ls
tlang1.sty"
File: lstlang1.sty 2019/09/10 1.8c listings language file
)
("C:\Users\Samuel Demir\AppData\Local\Programs\MiKTeX 2.9\tex/latex/listings\ls
tlang2.sty"
File: lstlang2.sty 2019/09/10 1.8c listings language file
)
("C:\Users\Samuel Demir\AppData\Local\Programs\MiKTeX 2.9\tex/latex/listings\ls
tlang3.sty"
File: lstlang3.sty 2019/09/10 1.8c listings language file
)
("C:\Users\Samuel Demir\AppData\Local\Programs\MiKTeX 2.9\tex/latex/listings\ls
tmisc.sty"
File: lstmisc.sty 2019/09/10 1.8c (Carsten Heinz)
)
LaTeX Font Info:    Trying to load font information for T1+lmtt on input line 4
2.

("C:\Users\Samuel Demir\AppData\Local\Programs\MiKTeX 2.9\tex/latex/lm\t1lmtt.f
d"
File: t1lmtt.fd 2009/10/30 v1.6 Font defs for Latin Modern
) [2] [3]
LaTeX Font Info:    Font shape `T1/lmtt/bx/n' in size <10.95> not available
(Font)              Font shape `T1/lmtt/b/n' tried instead on input line 89.
 [4] [5] [6]
<pictures/platzhalter.png, id=227, 150.5625pt x 100.375pt>
File: pictures/platzhalter.png Graphic file (type png)
<use pictures/platzhalter.png>
Package pdftex.def Info: pictures/platzhalter.png  used on input line 153.
(pdftex.def)             Requested size: 199.16928pt x 132.79251pt.
LaTeX Font Info:    External font `lmex10' loaded for size
(Font)              <10> on input line 186.
LaTeX Font Info:    External font `lmex10' loaded for size
(Font)              <7> on input line 186.
LaTeX Font Info:    External font `lmex10' loaded for size
(Font)              <5> on input line 186.
 [7 <./pictures/platzhalter.png>] [8] [9] [10]
Package acronym Info: Label `acro:KDE' newly defined as it shall be overridden
although it is yet undefined on input line 244.
Package acronym Info: Label `acro:MAV' newly defined as it shall be overridden
although it is yet undefined on input line 244.
Package acronym Info: Label `acro:HS' newly defined as it shall be overridden
although it is yet undefined on input line 244.
Package acronym Info: Label `acro:slmuklWdianshl' newly defined as it shall be 
overridden
although it is yet undefined on input line 247.
Package acronym Info: Label `acro:a' newly defined as it shall be overridden
although it is yet undefined on input line 248.
Package acronym Info: Label `acro:b' newly defined as it shall be overridden
although it is yet undefined on input line 248.
Package acronym Info: Label `acro:SQL' newly defined as it shall be overridden
although it is yet undefined on input line 248.
Package acronym Info: Label `acro:PC' newly defined as it shall be overridden
although it is yet undefined on input line 248.
Package acronym Info: Label `acro:FE' newly defined as it shall be overridden
although it is yet undefined on input line 248.
Package acronym Info: Label `acro:OE' newly defined as it shall be overridden
although it is yet undefined on input line 248.
Package acronym Info: Label `acro:MfI' newly defined as it shall be overridden
although it is yet undefined on input line 248.
 [11]
[12]) [13]
\openout2 = `content/chapters/[2]_chapter_two.aux'.

 (content/chapters/[2]_chapter_two.tex
chapter 2.
(config/headingconfig.tex)) [14



] [15]
chapter without number
[16


]
runsystem(makeindex -s mystyle main.idx)...executed (allowed).

 (main.ind
chapter without number
[17





])
\openout2 = `content/appendix.aux'.

 (content/appendix.tex
chapter A.
) [18



] [19]
Package atveryend Info: Empty hook `BeforeClearDocument' on input line 87.
Package atveryend Info: Empty hook `AfterLastShipout' on input line 87.
 (main.aux (content/cover.aux) (content/statutory_declaration.aux)
(content/abstract.aux) (content/foreword.aux)
(content/list_of_abbreviations.aux) (content/chapters/[1]_chapter_one.aux)
(content/chapters/[2]_chapter_two.aux) (content/appendix.aux))
Package atveryend Info: Executing hook `AtVeryEndDocument' on input line 87.
Package atveryend Info: Executing hook `AtEndAfterFileList' on input line 87.
Package rerunfilecheck Info: File `main.out' has not changed.
(rerunfilecheck)             Checksum: D41D8CD98F00B204E9800998ECF8427E;0.
Package logreq Info: Writing requests to 'main.run.xml'.
\openout1 = `main.run.xml'.

 ) 
Here is how much of TeX's memory you used:
 34525 strings out of 481545
 680369 string characters out of 2910210
 1498930 words of memory out of 3000000
 48933 multiletter control sequences out of 15000+200000
 615523 words of font info for 85 fonts, out of 3000000 for 9000
 1143 hyphenation exceptions out of 8191
 75i,20n,152p,10101b,2579s stack positions out of 5000i,500n,10000p,200000b,50000s
{C:/Users/Samuel Demir/AppData/Local/Programs/MiKTeX 2.9/fonts/enc/dvips/lm/l
m-ec.enc}{C:/Users/Samuel Demir/AppData/Local/Programs/MiKTeX 2.9/fonts/enc/dvi
ps/lm/lm-rm.enc}{C:/Users/Samuel Demir/AppData/Local/Programs/MiKTeX 2.9/fonts/
enc/dvips/lm/lm-mathit.enc}{C:/Users/Samuel Demir/AppData/Local/Programs/MiKTeX
 2.9/fonts/enc/dvips/lm/lm-mathsy.enc}{C:/Users/Samuel Demir/AppData/Local/Prog
rams/MiKTeX 2.9/fonts/enc/dvips/lm/lm-ts1.enc}<C:/Users/Samuel Demir/AppData/Lo
cal/Programs/MiKTeX 2.9/fonts/type1/public/lm/lmbx10.pfb><C:/Users/Samuel Demir
/AppData/Local/Programs/MiKTeX 2.9/fonts/type1/public/lm/lmbx12.pfb><C:/Users/S
amuel Demir/AppData/Local/Programs/MiKTeX 2.9/fonts/type1/public/lm/lmcsc10.pfb
><C:/Users/Samuel Demir/AppData/Local/Programs/MiKTeX 2.9/fonts/type1/public/lm
/lmmi12.pfb><C:/Users/Samuel Demir/AppData/Local/Programs/MiKTeX 2.9/fonts/type
1/public/lm/lmr10.pfb><C:/Users/Samuel Demir/AppData/Local/Programs/MiKTeX 2.9/
fonts/type1/public/lm/lmr12.pfb><C:/Users/Samuel Demir/AppData/Local/Programs/M
iKTeX 2.9/fonts/type1/public/lm/lmr17.pfb><C:/Users/Samuel Demir/AppData/Local/
Programs/MiKTeX 2.9/fonts/type1/public/lm/lmr7.pfb><C:/Users/Samuel Demir/AppDa
ta/Local/Programs/MiKTeX 2.9/fonts/type1/public/lm/lmr8.pfb><C:/Users/Samuel De
mir/AppData/Local/Programs/MiKTeX 2.9/fonts/type1/public/lm/lmri12.pfb><C:/User
s/Samuel Demir/AppData/Local/Programs/MiKTeX 2.9/fonts/type1/public/lm/lmssbx10
.pfb><C:/Users/Samuel Demir/AppData/Local/Programs/MiKTeX 2.9/fonts/type1/publi
c/lm/lmsy10.pfb><C:/Users/Samuel Demir/AppData/Local/Programs/MiKTeX 2.9/fonts/
type1/public/lm/lmtk10.pfb><C:/Users/Samuel Demir/AppData/Local/Programs/MiKTeX
 2.9/fonts/type1/public/lm/lmtt10.pfb><C:/Users/Samuel Demir/AppData/Local/Prog
rams/MiKTeX 2.9/fonts/type1/public/lm/lmtt12.pfb><C:/Users/Samuel Demir/AppData
/Local/Programs/MiKTeX 2.9/fonts/type1/public/lm/lmtti10.pfb>
Output written on main.pdf (29 pages, 462094 bytes).
PDF statistics:
 540 PDF objects out of 1000 (max. 8388607)
 156 named destinations out of 1000 (max. 500000)
 282 words of extra memory for PDF output out of 10000 (max. 10000000)

